[0m00:42:45.274031 [debug] [MainThread]: Sending event: {'category': 'dbt', 'action': 'invocation', 'label': 'start', 'context': [<snowplow_tracker.self_describing_json.SelfDescribingJson object at 0x000001E1E1207390>, <snowplow_tracker.self_describing_json.SelfDescribingJson object at 0x000001E1E01C3E90>, <snowplow_tracker.self_describing_json.SelfDescribingJson object at 0x000001E1E119C2D0>]}


============================== 00:42:45.277030 | 829f5c3c-8ca8-483a-86d7-bdc95f3e16ad ==============================
[0m00:42:45.277030 [info ] [MainThread]: Running with dbt=1.11.8
[0m00:42:45.278030 [debug] [MainThread]: running dbt with arguments {'version_check': 'True', 'no_print': 'None', 'static_parser': 'True', 'warn_error_options': 'WarnErrorOptionsV2(error=[], warn=[], silence=[])', 'target_path': 'None', 'printer_width': '80', 'write_json': 'True', 'empty': 'None', 'log_cache_events': 'False', 'introspect': 'True', 'cache_selected_only': 'False', 'fail_fast': 'False', 'debug': 'False', 'log_format': 'default', 'partial_parse': 'True', 'send_anonymous_usage_stats': 'True', 'quiet': 'False', 'warn_error': 'None', 'profiles_dir': 'C:\\Users\\Ivan\\.dbt', 'use_colors': 'True', 'indirect_selection': 'eager', 'invocation_command': 'dbt init mobility_dbt', 'use_experimental_parser': 'False', 'log_path': 'logs'}
[0m00:42:45.291031 [debug] [MainThread]: Starter project path: C:\Python311\Lib\site-packages\dbt\include\starter_project
[0m00:42:45.315031 [info ] [MainThread]: 
Your new dbt project "mobility_dbt" was created!

For more information on how to configure the profiles.yml file,
please consult the dbt documentation here:

  https://docs.getdbt.com/docs/configure-your-profile

One more thing:

Need help? Don't hesitate to reach out to us via GitHub issues or on Slack:

  https://community.getdbt.com/

Happy modeling!

[0m00:42:45.316030 [info ] [MainThread]: Setting up your profile.
[0m00:44:52.610220 [info ] [MainThread]: Profile mobility_dbt written to C:\Users\Ivan\.dbt\profiles.yml using target's profile_template.yml and your supplied values. Run 'dbt debug' to validate the connection.
[0m00:44:52.611219 [debug] [MainThread]: Command `dbt init` succeeded at 00:44:52.611219 after 127.39 seconds
[0m00:44:52.612219 [debug] [MainThread]: Sending event: {'category': 'dbt', 'action': 'invocation', 'label': 'end', 'context': [<snowplow_tracker.self_describing_json.SelfDescribingJson object at 0x000001E1DADE9990>, <snowplow_tracker.self_describing_json.SelfDescribingJson object at 0x000001E1DAF447D0>, <snowplow_tracker.self_describing_json.SelfDescribingJson object at 0x000001E1E10CC190>]}
[0m00:44:52.612219 [debug] [MainThread]: Flushing usage events
[0m00:44:53.558142 [debug] [MainThread]: An error was encountered while trying to flush usage events
[0m21:06:35.186249 [debug] [MainThread]: Sending event: {'category': 'dbt', 'action': 'invocation', 'label': 'start', 'context': [<snowplow_tracker.self_describing_json.SelfDescribingJson object at 0x0000029A1EC8FFD0>, <snowplow_tracker.self_describing_json.SelfDescribingJson object at 0x0000029A1DD40050>, <snowplow_tracker.self_describing_json.SelfDescribingJson object at 0x0000029A1DDBB6D0>]}


============================== 21:06:35.189250 | bacc227c-e13f-470a-bab1-e01e41c80023 ==============================
[0m21:06:35.189250 [info ] [MainThread]: Running with dbt=1.11.8
[0m21:06:35.189250 [debug] [MainThread]: running dbt with arguments {'version_check': 'True', 'no_print': 'None', 'static_parser': 'True', 'warn_error_options': 'WarnErrorOptionsV2(error=[], warn=[], silence=[])', 'target_path': 'None', 'printer_width': '80', 'write_json': 'True', 'introspect': 'True', 'log_cache_events': 'False', 'empty': 'False', 'cache_selected_only': 'False', 'fail_fast': 'False', 'debug': 'False', 'log_format': 'default', 'partial_parse': 'True', 'send_anonymous_usage_stats': 'True', 'quiet': 'False', 'warn_error': 'None', 'profiles_dir': 'C:\\Users\\Ivan\\.dbt', 'invocation_command': 'dbt run --select fact_trip', 'use_colors': 'True', 'indirect_selection': 'eager', 'use_experimental_parser': 'False', 'log_path': 'logs'}
[0m21:06:35.190250 [error] [MainThread]: Encountered an error:
Runtime Error
  No dbt_project.yml found at expected path C:\Users\Ivan\Desktop\projeto-final-mobilidade\dbt\dbt_project.yml
  Verify that each entry within packages.yml (and their transitive dependencies) contains a file named dbt_project.yml
  
[0m21:06:35.191249 [debug] [MainThread]: Command `dbt run` failed at 21:06:35.191249 after 0.06 seconds
[0m21:06:35.192250 [debug] [MainThread]: Sending event: {'category': 'dbt', 'action': 'invocation', 'label': 'end', 'context': [<snowplow_tracker.self_describing_json.SelfDescribingJson object at 0x0000029A1EC83E90>, <snowplow_tracker.self_describing_json.SelfDescribingJson object at 0x0000029A1EC83C10>, <snowplow_tracker.self_describing_json.SelfDescribingJson object at 0x0000029A1EC83C90>]}
[0m21:06:35.192250 [debug] [MainThread]: Flushing usage events
[0m21:06:36.272518 [debug] [MainThread]: An error was encountered while trying to flush usage events
