[0m17:48:55.703255 [debug] [MainThread]: Sending event: {'category': 'dbt', 'action': 'invocation', 'label': 'start', 'context': [<snowplow_tracker.self_describing_json.SelfDescribingJson object at 0x00000239D6B73A90>, <snowplow_tracker.self_describing_json.SelfDescribingJson object at 0x00000239D6B36F90>, <snowplow_tracker.self_describing_json.SelfDescribingJson object at 0x00000239D5ADE4D0>]}


============================== 17:48:55.710255 | 35692ba8-7817-432c-bf1a-40660f4d6795 ==============================
[0m17:48:55.710255 [info ] [MainThread]: Running with dbt=1.11.8
[0m17:48:55.711254 [debug] [MainThread]: running dbt with arguments {'static_parser': 'True', 'no_print': 'None', 'version_check': 'True', 'warn_error_options': 'WarnErrorOptionsV2(error=[], warn=[], silence=[])', 'target_path': 'None', 'printer_width': '80', 'write_json': 'True', 'empty': 'False', 'log_cache_events': 'False', 'introspect': 'True', 'cache_selected_only': 'False', 'log_format': 'default', 'debug': 'False', 'fail_fast': 'False', 'partial_parse': 'True', 'send_anonymous_usage_stats': 'True', 'quiet': 'False', 'warn_error': 'None', 'profiles_dir': 'C:\\Users\\Ivan\\.dbt', 'use_colors': 'True', 'indirect_selection': 'eager', 'invocation_command': 'dbt run', 'use_experimental_parser': 'False', 'log_path': 'logs'}
[0m17:48:55.711254 [error] [MainThread]: Encountered an error:
Runtime Error
  No dbt_project.yml found at expected path C:\Users\Ivan\Desktop\projeto-final-mobilidade\dbt_project.yml
  Verify that each entry within packages.yml (and their transitive dependencies) contains a file named dbt_project.yml
  
[0m17:48:55.713256 [debug] [MainThread]: Command `dbt run` failed at 17:48:55.713256 after 0.07 seconds
[0m17:48:55.713256 [debug] [MainThread]: Sending event: {'category': 'dbt', 'action': 'invocation', 'label': 'end', 'context': [<snowplow_tracker.self_describing_json.SelfDescribingJson object at 0x00000239CF7CE510>, <snowplow_tracker.self_describing_json.SelfDescribingJson object at 0x00000239D6B711D0>, <snowplow_tracker.self_describing_json.SelfDescribingJson object at 0x00000239D6B72850>]}
[0m17:48:55.714254 [debug] [MainThread]: Flushing usage events
[0m17:48:56.809737 [debug] [MainThread]: An error was encountered while trying to flush usage events
[0m17:49:28.994128 [debug] [MainThread]: Sending event: {'category': 'dbt', 'action': 'invocation', 'label': 'start', 'context': [<snowplow_tracker.self_describing_json.SelfDescribingJson object at 0x000001F658985A10>, <snowplow_tracker.self_describing_json.SelfDescribingJson object at 0x000001F659D62ED0>, <snowplow_tracker.self_describing_json.SelfDescribingJson object at 0x000001F659D61050>]}


============================== 17:49:28.997128 | abcf3419-f36b-4fd3-81c8-399b0ae8e2c5 ==============================
[0m17:49:28.997128 [info ] [MainThread]: Running with dbt=1.11.8
[0m17:49:28.997128 [debug] [MainThread]: running dbt with arguments {'version_check': 'True', 'no_print': 'None', 'static_parser': 'True', 'target_path': 'None', 'warn_error_options': 'WarnErrorOptionsV2(error=[], warn=[], silence=[])', 'printer_width': '80', 'write_json': 'True', 'introspect': 'True', 'log_cache_events': 'False', 'empty': 'False', 'cache_selected_only': 'False', 'fail_fast': 'False', 'debug': 'False', 'log_format': 'default', 'partial_parse': 'True', 'send_anonymous_usage_stats': 'True', 'quiet': 'False', 'warn_error': 'None', 'profiles_dir': 'C:\\Users\\Ivan\\.dbt', 'invocation_command': 'dbt run', 'indirect_selection': 'eager', 'use_colors': 'True', 'use_experimental_parser': 'False', 'log_path': 'logs'}
[0m17:49:28.998128 [error] [MainThread]: Encountered an error:
Runtime Error
  No dbt_project.yml found at expected path C:\Users\Ivan\Desktop\projeto-final-mobilidade\dbt_project.yml
  Verify that each entry within packages.yml (and their transitive dependencies) contains a file named dbt_project.yml
  
[0m17:49:28.999129 [debug] [MainThread]: Command `dbt run` failed at 17:49:28.999129 after 0.06 seconds
[0m17:49:29.000130 [debug] [MainThread]: Sending event: {'category': 'dbt', 'action': 'invocation', 'label': 'end', 'context': [<snowplow_tracker.self_describing_json.SelfDescribingJson object at 0x000001F658CCE090>, <snowplow_tracker.self_describing_json.SelfDescribingJson object at 0x000001F657E0B650>, <snowplow_tracker.self_describing_json.SelfDescribingJson object at 0x000001F658CC3990>]}
[0m17:49:29.000130 [debug] [MainThread]: Flushing usage events
[0m17:49:29.572811 [debug] [MainThread]: An error was encountered while trying to flush usage events
